<?xml version="1.0" encoding="UTF-8"?>
<!-- Generated by org.testng.reporters.JUnitXMLReporter -->
<testsuite hostname="DESKTOP-PUIO19L" ignored="0" name="Test" tests="7" failures="0" timestamp="2021-10-13T16:40:03 EET" time="59.987" errors="0">
  <testcase name="clickOnSearchBttn" time="2.516" classname="tests.SearchByGoogleBttnTest"/>
  <testcase name="searchByWords" time="3.63" classname="tests.SearchByKeyboardTest"/>
  <testcase name="selectFromSuggestionList" time="5.658" classname="tests.AutoCompleteSearchTest"/>
  <testcase name="openLinkAfterSearch" time="7.568" classname="tests.FullCycleSearchTest"/>
  <testcase name="clearTextOnField" time="0.675" classname="tests.ClearSearchFieldTest"/>
  <testcase name="openGmailScreen" time="3.255" classname="tests.GmailSearchTest"/>
  <testcase name="googleImageSearch" time="3.809" classname="tests.GoogleImageTest"/>
</testsuite> <!-- Test -->
